mode: set
github.com/smkdev-id/promotion_tracking_dashboard/internal/app/services/promotion_postgres_service.go:28.96,32.2 1 1
github.com/smkdev-id/promotion_tracking_dashboard/internal/app/services/promotion_postgres_service.go:35.98,37.2 1 1
github.com/smkdev-id/promotion_tracking_dashboard/internal/app/services/promotion_postgres_service.go:40.79,42.2 1 1
github.com/smkdev-id/promotion_tracking_dashboard/internal/app/services/promotion_postgres_service.go:45.104,47.16 2 1
github.com/smkdev-id/promotion_tracking_dashboard/internal/app/services/promotion_postgres_service.go:47.16,48.45 1 1
github.com/smkdev-id/promotion_tracking_dashboard/internal/app/services/promotion_postgres_service.go:48.45,53.4 1 0
github.com/smkdev-id/promotion_tracking_dashboard/internal/app/services/promotion_postgres_service.go:54.3,54.33 1 1
github.com/smkdev-id/promotion_tracking_dashboard/internal/app/services/promotion_postgres_service.go:56.2,56.19 1 1
github.com/smkdev-id/promotion_tracking_dashboard/internal/app/services/promotion_postgres_service.go:75.111,79.16 2 1
github.com/smkdev-id/promotion_tracking_dashboard/internal/app/services/promotion_postgres_service.go:79.16,80.45 1 1
github.com/smkdev-id/promotion_tracking_dashboard/internal/app/services/promotion_postgres_service.go:80.45,85.4 1 0
github.com/smkdev-id/promotion_tracking_dashboard/internal/app/services/promotion_postgres_service.go:86.3,86.33 1 1
github.com/smkdev-id/promotion_tracking_dashboard/internal/app/services/promotion_postgres_service.go:88.2,88.25 1 1
github.com/smkdev-id/promotion_tracking_dashboard/internal/app/services/promotion_postgres_service.go:92.87,94.2 1 1
